[  137167ms] [ERROR] TypeError: Cannot read properties of undefined (reading 'name')
    at Proxy._sfc_render (http://localhost:5173/src/views/ClassDetailsView.vue?t=1778698957206:2837:63)
    at renderComponentRoot (http://localhost:5173/node_modules/.vite/deps/chunk-Z6PFCLB2.js?v=8c8e0f22:6404:17)
    at ReactiveEffect.componentUpdateFn [as fn] (http://localhost:5173/node_modules/.vite/deps/chunk-Z6PFCLB2.js?v=8c8e0f22:7842:26)
    at ReactiveEffect.run (http://localhost:5173/node_modules/.vite/deps/chunk-Z6PFCLB2.js?v=8c8e0f22:505:19)
    at ReactiveEffect.runIfDirty (http://localhost:5173/node_modules/.vite/deps/chunk-Z6PFCLB2.js?v=8c8e0f22:543:12)
    at callWithErrorHandling (http://localhost:5173/node_modules/.vite/deps/chunk-Z6PFCLB2.js?v=8c8e0f22:2331:33)
    at flushJobs (http://localhost:5173/node_modules/.vite/deps/chunk-Z6PFCLB2.js?v=8c8e0f22:2538:9) @ http://localhost:5173/node_modules/.vite/deps/chunk-Z6PFCLB2.js?v=8c8e0f22:2406
[  617629ms] [ERROR] TypeError: Cannot read properties of undefined (reading 'name')
    at Proxy._sfc_render (http://localhost:5173/src/views/ClassDetailsView.vue?t=1778699954580:2837:63)
    at renderComponentRoot (http://localhost:5173/node_modules/.vite/deps/chunk-Z6PFCLB2.js?v=8c8e0f22:6404:17)
    at ReactiveEffect.componentUpdateFn [as fn] (http://localhost:5173/node_modules/.vite/deps/chunk-Z6PFCLB2.js?v=8c8e0f22:7842:26)
    at ReactiveEffect.run (http://localhost:5173/node_modules/.vite/deps/chunk-Z6PFCLB2.js?v=8c8e0f22:505:19)
    at ReactiveEffect.runIfDirty (http://localhost:5173/node_modules/.vite/deps/chunk-Z6PFCLB2.js?v=8c8e0f22:543:12)
    at callWithErrorHandling (http://localhost:5173/node_modules/.vite/deps/chunk-Z6PFCLB2.js?v=8c8e0f22:2331:33)
    at flushJobs (http://localhost:5173/node_modules/.vite/deps/chunk-Z6PFCLB2.js?v=8c8e0f22:2538:9) @ http://localhost:5173/node_modules/.vite/deps/chunk-Z6PFCLB2.js?v=8c8e0f22:2406
[  735330ms] [ERROR] TypeError: Cannot read properties of undefined (reading 'name')
    at Proxy._sfc_render (http://localhost:5173/src/views/ClassDetailsView.vue?t=1778699954580:2837:63)
    at renderComponentRoot (http://localhost:5173/node_modules/.vite/deps/chunk-Z6PFCLB2.js?v=8c8e0f22:6404:17)
    at ReactiveEffect.componentUpdateFn [as fn] (http://localhost:5173/node_modules/.vite/deps/chunk-Z6PFCLB2.js?v=8c8e0f22:7842:26)
    at ReactiveEffect.run (http://localhost:5173/node_modules/.vite/deps/chunk-Z6PFCLB2.js?v=8c8e0f22:505:19)
    at ReactiveEffect.runIfDirty (http://localhost:5173/node_modules/.vite/deps/chunk-Z6PFCLB2.js?v=8c8e0f22:543:12)
    at callWithErrorHandling (http://localhost:5173/node_modules/.vite/deps/chunk-Z6PFCLB2.js?v=8c8e0f22:2331:33)
    at flushJobs (http://localhost:5173/node_modules/.vite/deps/chunk-Z6PFCLB2.js?v=8c8e0f22:2538:9) @ http://localhost:5173/node_modules/.vite/deps/chunk-Z6PFCLB2.js?v=8c8e0f22:2406
[  832174ms] [ERROR] TypeError: Cannot read properties of undefined (reading 'name')
    at Proxy._sfc_render (http://localhost:5173/src/views/ClassDetailsView.vue?t=1778700308822:2838:63)
    at renderComponentRoot (http://localhost:5173/node_modules/.vite/deps/chunk-Z6PFCLB2.js?v=8c8e0f22:6404:17)
    at ReactiveEffect.componentUpdateFn [as fn] (http://localhost:5173/node_modules/.vite/deps/chunk-Z6PFCLB2.js?v=8c8e0f22:7842:26)
    at ReactiveEffect.run (http://localhost:5173/node_modules/.vite/deps/chunk-Z6PFCLB2.js?v=8c8e0f22:505:19)
    at ReactiveEffect.runIfDirty (http://localhost:5173/node_modules/.vite/deps/chunk-Z6PFCLB2.js?v=8c8e0f22:543:12)
    at callWithErrorHandling (http://localhost:5173/node_modules/.vite/deps/chunk-Z6PFCLB2.js?v=8c8e0f22:2331:33)
    at flushJobs (http://localhost:5173/node_modules/.vite/deps/chunk-Z6PFCLB2.js?v=8c8e0f22:2538:9) @ http://localhost:5173/node_modules/.vite/deps/chunk-Z6PFCLB2.js?v=8c8e0f22:2406
