[     299ms] [ERROR] Failed to load resource: the server responded with a status of 403 () @ http://localhost:8082/api/classes/1:0
[     300ms] [ERROR] Erro ao carregar cursos: AxiosError: Request failed with status code 403
    at settle (http://localhost:5173/node_modules/.vite/deps/axios.js?v=b458932d:1358:7)
    at XMLHttpRequest.onloadend (http://localhost:5173/node_modules/.vite/deps/axios.js?v=b458932d:1742:7)
    at Axios.request (http://localhost:5173/node_modules/.vite/deps/axios.js?v=b458932d:2398:41)
    at async Object.getById (http://localhost:5173/src/services/classService.js:35:24)
    at async loadData (http://localhost:5173/src/views/ClassCoursesView.vue?t=1778711418821:121:21) @ http://localhost:5173/src/views/ClassCoursesView.vue?t=1778711418821:140
[  130476ms] [ERROR] Failed to load resource: the server responded with a status of 403 () @ http://localhost:8082/api/classes/1:0
[  130477ms] [ERROR] Erro ao carregar cursos: AxiosError: Request failed with status code 403
    at settle (http://localhost:5173/node_modules/.vite/deps/axios.js?v=b458932d:1358:7)
    at XMLHttpRequest.onloadend (http://localhost:5173/node_modules/.vite/deps/axios.js?v=b458932d:1742:7)
    at Axios.request (http://localhost:5173/node_modules/.vite/deps/axios.js?v=b458932d:2398:41)
    at async Object.getById (http://localhost:5173/src/services/classService.js:35:24)
    at async loadData (http://localhost:5173/src/views/ClassCoursesView.vue?t=1778711418821:121:21) @ http://localhost:5173/src/views/ClassCoursesView.vue?t=1778711418821:140
[  146306ms] [ERROR] Failed to load resource: the server responded with a status of 403 () @ http://localhost:8082/api/classes/1:0
[  146306ms] [ERROR] Erro ao carregar cursos: AxiosError: Request failed with status code 403
    at settle (http://localhost:5173/node_modules/.vite/deps/axios.js?v=b458932d:1358:7)
    at XMLHttpRequest.onloadend (http://localhost:5173/node_modules/.vite/deps/axios.js?v=b458932d:1742:7)
    at Axios.request (http://localhost:5173/node_modules/.vite/deps/axios.js?v=b458932d:2398:41)
    at async Object.getById (http://localhost:5173/src/services/classService.js:35:24)
    at async loadData (http://localhost:5173/src/views/ClassCoursesView.vue?t=1778711418821:121:21) @ http://localhost:5173/src/views/ClassCoursesView.vue?t=1778711418821:140
[  160300ms] [ERROR] Failed to load resource: the server responded with a status of 403 () @ http://localhost:8082/api/classes/1:0
[  160301ms] [ERROR] Erro ao carregar cursos: AxiosError: Request failed with status code 403
    at settle (http://localhost:5173/node_modules/.vite/deps/axios.js?v=b458932d:1358:7)
    at XMLHttpRequest.onloadend (http://localhost:5173/node_modules/.vite/deps/axios.js?v=b458932d:1742:7)
    at Axios.request (http://localhost:5173/node_modules/.vite/deps/axios.js?v=b458932d:2398:41)
    at async Object.getById (http://localhost:5173/src/services/classService.js:35:24)
    at async loadData (http://localhost:5173/src/views/ClassCoursesView.vue?t=1778711418821:121:21) @ http://localhost:5173/src/views/ClassCoursesView.vue?t=1778711418821:140
[  221082ms] [ERROR] Failed to load resource: the server responded with a status of 403 () @ http://localhost:8082/api/classes/1:0
[  221083ms] [ERROR] Erro ao carregar cursos: AxiosError: Request failed with status code 403
    at settle (http://localhost:5173/node_modules/.vite/deps/axios.js?v=b458932d:1358:7)
    at XMLHttpRequest.onloadend (http://localhost:5173/node_modules/.vite/deps/axios.js?v=b458932d:1742:7)
    at Axios.request (http://localhost:5173/node_modules/.vite/deps/axios.js?v=b458932d:2398:41)
    at async Object.getById (http://localhost:5173/src/services/classService.js:35:24)
    at async loadData (http://localhost:5173/src/views/ClassCoursesView.vue?t=1778711418821:121:21) @ http://localhost:5173/src/views/ClassCoursesView.vue?t=1778711418821:140
[  231916ms] [ERROR] Failed to load resource: the server responded with a status of 403 () @ http://localhost:8082/api/classes/1:0
[  231916ms] [ERROR] Erro ao carregar cursos: AxiosError: Request failed with status code 403
    at settle (http://localhost:5173/node_modules/.vite/deps/axios.js?v=b458932d:1358:7)
    at XMLHttpRequest.onloadend (http://localhost:5173/node_modules/.vite/deps/axios.js?v=b458932d:1742:7)
    at Axios.request (http://localhost:5173/node_modules/.vite/deps/axios.js?v=b458932d:2398:41)
    at async Object.getById (http://localhost:5173/src/services/classService.js:35:24)
    at async loadData (http://localhost:5173/src/views/ClassCoursesView.vue?t=1778711418821:121:21) @ http://localhost:5173/src/views/ClassCoursesView.vue?t=1778711418821:140
[  516469ms] [ERROR] Failed to load resource: the server responded with a status of 500 (Internal Server Error) @ http://localhost:5173/src/views/ClassDetailsView.vue?t=1778712254500:0
[  546411ms] [ERROR] Failed to load resource: the server responded with a status of 500 (Internal Server Error) @ http://localhost:5173/src/views/ClassDetailsView.vue?t=1778712284712:0
[  588221ms] [ERROR] Failed to load resource: the server responded with a status of 403 () @ http://localhost:8082/api/classes/1:0
[  588222ms] [ERROR] Erro ao carregar cursos: AxiosError: Request failed with status code 403
    at settle (http://localhost:5173/node_modules/.vite/deps/axios.js?v=b458932d:1358:7)
    at XMLHttpRequest.onloadend (http://localhost:5173/node_modules/.vite/deps/axios.js?v=b458932d:1742:7)
    at Axios.request (http://localhost:5173/node_modules/.vite/deps/axios.js?v=b458932d:2398:41)
    at async Object.getById (http://localhost:5173/src/services/classService.js:35:24)
    at async loadData (http://localhost:5173/src/views/ClassCoursesView.vue?t=1778711418821:121:21) @ http://localhost:5173/src/views/ClassCoursesView.vue?t=1778711418821:140
