[     184ms] [ERROR] Failed to load resource: the server responded with a status of 403 () @ http://localhost:8082/api/classes/1:0
[  172587ms] [ERROR] Failed to load resource: the server responded with a status of 500 () @ http://localhost:8082/api/auth/login:0
[  247524ms] [ERROR] Failed to load resource: the server responded with a status of 403 () @ http://localhost:8082/api/programs:0
[  247525ms] [ERROR] Erro ao carregar home: AxiosError: Request failed with status code 403
    at settle (http://localhost:5173/node_modules/.vite/deps/axios.js?v=b458932d:1358:7)
    at XMLHttpRequest.onloadend (http://localhost:5173/node_modules/.vite/deps/axios.js?v=b458932d:1742:7)
    at Axios.request (http://localhost:5173/node_modules/.vite/deps/axios.js?v=b458932d:2398:41)
    at async Object.getAll (http://localhost:5173/src/services/programService.js:24:24)
    at async Promise.all (index 0)
    at async loadData (http://localhost:5173/src/views/HomeView.vue:254:37) @ http://localhost:5173/src/views/HomeView.vue:265
[  247525ms] [ERROR] Failed to load resource: the server responded with a status of 403 () @ http://localhost:8082/api/institutions:0
[  247541ms] [ERROR] Failed to load resource: the server responded with a status of 403 () @ http://localhost:8082/api/classes:0
[  289592ms] [ERROR] Failed to load resource: the server responded with a status of 403 () @ http://localhost:8082/api/classes:0
[  289593ms] [ERROR] Erro ao carregar home: AxiosError: Request failed with status code 403
    at settle (http://localhost:5173/node_modules/.vite/deps/axios.js?v=b458932d:1358:7)
    at XMLHttpRequest.onloadend (http://localhost:5173/node_modules/.vite/deps/axios.js?v=b458932d:1742:7)
    at Axios.request (http://localhost:5173/node_modules/.vite/deps/axios.js?v=b458932d:2398:41)
    at async Object.getAll (http://localhost:5173/src/services/classService.js:26:24)
    at async Promise.all (index 1)
    at async loadData (http://localhost:5173/src/views/HomeView.vue:254:37) @ http://localhost:5173/src/views/HomeView.vue:265
[  289593ms] [ERROR] Failed to load resource: the server responded with a status of 403 () @ http://localhost:8082/api/institutions:0
[  289594ms] [ERROR] Failed to load resource: the server responded with a status of 403 () @ http://localhost:8082/api/programs:0
[  289595ms] [ERROR] Failed to load resource: the server responded with a status of 403 () @ http://localhost:8082/api/institutions:0
[  289595ms] [ERROR] Erro ao carregar home: AxiosError: Request failed with status code 403
    at settle (http://localhost:5173/node_modules/.vite/deps/axios.js?v=b458932d:1358:7)
    at XMLHttpRequest.onloadend (http://localhost:5173/node_modules/.vite/deps/axios.js?v=b458932d:1742:7)
    at Axios.request (http://localhost:5173/node_modules/.vite/deps/axios.js?v=b458932d:2398:41)
    at async Object.getAll (http://localhost:5173/src/services/institutionService.js:6:24)
    at async Promise.all (index 2)
    at async loadData (http://localhost:5173/src/views/HomeView.vue:254:37) @ http://localhost:5173/src/views/HomeView.vue:265
[  289595ms] [ERROR] Failed to load resource: the server responded with a status of 403 () @ http://localhost:8082/api/classes:0
[  289596ms] [ERROR] Failed to load resource: the server responded with a status of 403 () @ http://localhost:8082/api/programs:0
